[2016-09-05 14:41:10] Executing bootstrap tasks
[2016-09-05 14:41:10] Java(TM) SE Runtime Environment 1.8.0_102-b14
[2016-09-05 14:41:10] Product org.eclipse.products.epp.package.cpp.neon
[2016-09-05 14:41:10] Bundle org.eclipse.oomph.setup 1.4.0.v20160530-1355, build=2444, branch=d2a285619d608146f2b29fa5d42db7d6201863c2
[2016-09-05 14:41:10] Bundle org.eclipse.oomph.setup.core 1.4.0.v20160530-1200, build=2444, branch=d2a285619d608146f2b29fa5d42db7d6201863c2
[2016-09-05 14:41:10] Bundle org.eclipse.oomph.setup.p2 1.4.0.v20160530-1200, build=2444, branch=d2a285619d608146f2b29fa5d42db7d6201863c2
[2016-09-05 14:41:10] Performing P2 Director (Eclipse IDE for C/C++ Developers (Neon))
[2016-09-05 14:41:10] Offline = false
[2016-09-05 14:41:10] Mirrors = true
[2016-09-05 14:41:10] Resolving 30 requirements from 3 repositories to /home/jester/Programs/cpp-neon/eclipse
[2016-09-05 14:41:10] Requirement epp.package.cpp [4.6.0,4.7.0)
[2016-09-05 14:41:10] Requirement org.eclipse.platform.feature.group [4.6.0,4.7.0)
[2016-09-05 14:41:10] Requirement org.eclipse.rcp.feature.group [4.6.0,4.7.0)
[2016-09-05 14:41:10] Requirement org.eclipse.cdt.autotools.feature.group
[2016-09-05 14:41:10] Requirement org.eclipse.cdt.build.crossgcc.feature.group
[2016-09-05 14:41:10] Requirement org.eclipse.cdt.debug.standalone.feature.group
[2016-09-05 14:41:10] Requirement org.eclipse.cdt.debug.ui.memory.feature.group
[2016-09-05 14:41:10] Requirement org.eclipse.cdt.feature.group
[2016-09-05 14:41:10] Requirement org.eclipse.cdt.launch.remote.feature.group
[2016-09-05 14:41:10] Requirement org.eclipse.cdt.mylyn.feature.group
[2016-09-05 14:41:10] Requirement org.eclipse.egit.feature.group
[2016-09-05 14:41:10] Requirement org.eclipse.linuxtools.cdt.libhover.devhelp.feature.feature.group
[2016-09-05 14:41:10] Requirement org.eclipse.linuxtools.cdt.libhover.feature.feature.group
[2016-09-05 14:41:10] Requirement org.eclipse.linuxtools.changelog.c.feature.group
[2016-09-05 14:41:10] Requirement org.eclipse.linuxtools.gcov.feature.group
[2016-09-05 14:41:10] Requirement org.eclipse.linuxtools.gprof.feature.feature.group
[2016-09-05 14:41:10] Requirement org.eclipse.linuxtools.rpm.feature.group
[2016-09-05 14:41:10] Requirement org.eclipse.linuxtools.valgrind.feature.group
[2016-09-05 14:41:10] Requirement org.eclipse.mylyn.bugzilla_feature.feature.group
[2016-09-05 14:41:10] Requirement org.eclipse.mylyn.context_feature.feature.group
[2016-09-05 14:41:10] Requirement org.eclipse.mylyn.ide_feature.feature.group
[2016-09-05 14:41:10] Requirement org.eclipse.mylyn.team_feature.feature.group
[2016-09-05 14:41:10] Requirement org.eclipse.mylyn.wikitext_feature.feature.group
[2016-09-05 14:41:10] Requirement org.eclipse.mylyn_feature.feature.group
[2016-09-05 14:41:10] Requirement org.eclipse.rse.feature.group
[2016-09-05 14:41:10] Requirement org.eclipse.tracecompass.gdbtrace.feature.group
[2016-09-05 14:41:10] Requirement org.eclipse.tracecompass.lttng2.control.feature.group
[2016-09-05 14:41:10] Requirement org.eclipse.tracecompass.lttng2.kernel.feature.group
[2016-09-05 14:41:10] Requirement org.eclipse.tracecompass.lttng2.ust.feature.group
[2016-09-05 14:41:10] Requirement org.eclipse.oomph.setup.feature.group
[2016-09-05 14:41:10] Repository http://download.eclipse.org/technology/epp/packages/neon
[2016-09-05 14:41:10] Repository http://download.eclipse.org/releases/neon/201606221000
[2016-09-05 14:41:10] Repository http://download.eclipse.org/oomph/updates/milestone/latest
[2016-09-05 14:41:13] Calculating requirements and dependencies.
[2016-09-05 14:41:13] Computing prerequisite plan
[2016-09-05 14:41:15] Collecting 4 artifacts from http://download.eclipse.org/releases/neon/201606221000
[2016-09-05 14:42:05] Downloading org.eclipse.platform_root
[2016-09-05 14:42:05] Downloading org.eclipse.platform.ide.executable.gtk.linux.x86_64
[2016-09-05 14:42:05] Downloading org.eclipse.cdt_root
[2016-09-05 14:42:05] Downloading org.eclipse.rcp_root
[2016-09-05 14:42:05] Collected 4 artifacts for http://download.eclipse.org/releases/neon/201606221000 in 50.429s
[2016-09-05 14:42:05] Collecting 1 artifacts from http://download.eclipse.org/technology/epp/packages/neon
[2016-09-05 14:43:39] Downloading epp.package.cpp.executable.gtk.linux.x86_64
[2016-09-05 14:43:39] Collected 1 artifacts for http://download.eclipse.org/technology/epp/packages/neon in 94.168s
[2016-09-05 14:43:41] Installing a.jre.javase [1.6.0]
[2016-09-05 14:43:41] Installing com.google.gson [2.2.4.v201311231704]
[2016-09-05 14:43:41] Installing com.google.guava [15.0.0.v201403281430]
[2016-09-05 14:43:41] Installing com.ibm.icu [56.1.0.v201601250100]
[2016-09-05 14:43:41] Installing com.jcraft.jsch [0.1.53.v201508180515]
[2016-09-05 14:43:41] Installing com.sun.el [2.2.0.v201303151357]
[2016-09-05 14:43:41] Installing config.a.jre.javase [1.6.0]
[2016-09-05 14:43:41] Installing epp.package.cpp [4.6.0.20160613-1800]
[2016-09-05 14:43:41] Installing epp.package.cpp.executable.gtk.linux.x86_64 [4.6.0.20160613-1800]
[2016-09-05 14:43:41] Installing epp.package.cpp.executable.gtk.linux.x86_64.eclipse [4.6.0.20160613-1800]
[2016-09-05 14:43:41] Installing javaewah [0.7.9.v201605172130]
[2016-09-05 14:43:41] Installing javax.annotation [1.2.0.v201602091430]
[2016-09-05 14:43:41] Installing javax.el [2.2.0.v201303151357]
[2016-09-05 14:43:41] Installing javax.inject [1.0.0.v20091030]
[2016-09-05 14:43:41] Installing javax.servlet [3.1.0.v201410161800]
[2016-09-05 14:43:41] Installing javax.servlet.jsp [2.2.0.v201112011158]
[2016-09-05 14:43:41] Installing javax.xml [1.3.4.v201005080400]
[2016-09-05 14:43:41] Installing org.antlr.runtime [3.2.0.v201101311130]
[2016-09-05 14:43:41] Installing org.apache.ant [1.9.6.v201510161327]
[2016-09-05 14:43:41] Installing org.apache.batik.css [1.7.0.v201011041433]
[2016-09-05 14:43:41] Installing org.apache.batik.util [1.7.0.v201011041433]
[2016-09-05 14:43:41] Installing org.apache.batik.util.gui [1.7.0.v200903091627]
[2016-09-05 14:43:41] Installing org.apache.commons.codec [1.6.0.v201305230611]
[2016-09-05 14:43:41] Installing org.apache.commons.compress [1.6.0.v201310281400]
[2016-09-05 14:43:41] Installing org.apache.commons.httpclient [3.1.0.v201012070820]
[2016-09-05 14:43:41] Installing org.apache.commons.io [2.2.0.v201405211200]
[2016-09-05 14:43:41] Installing org.apache.commons.jxpath [1.3.0.v200911051830]
[2016-09-05 14:43:41] Installing org.apache.commons.lang [2.6.0.v201404270220]
[2016-09-05 14:43:41] Installing org.apache.commons.lang3 [3.1.0.v201403281430]
[2016-09-05 14:43:41] Installing org.apache.commons.logging [1.1.1.v201101211721]
[2016-09-05 14:43:41] Installing org.apache.commons.net [3.2.0.v201305141515]
[2016-09-05 14:43:41] Installing org.apache.felix.gogo.command [0.10.0.v201209301215]
[2016-09-05 14:43:41] Installing org.apache.felix.gogo.runtime [0.10.0.v201209301036]
[2016-09-05 14:43:41] Installing org.apache.felix.gogo.shell [0.10.0.v201212101605]
[2016-09-05 14:43:41] Installing org.apache.httpcomponents.httpclient [4.3.6.v201411290715]
[2016-09-05 14:43:41] Installing org.apache.httpcomponents.httpcore [4.3.3.v201411290715]
[2016-09-05 14:43:41] Installing org.apache.jasper.glassfish [2.2.2.v201501141630]
[2016-09-05 14:43:41] Installing org.apache.log4j [1.2.15.v201012070815]
[2016-09-05 14:43:41] Installing org.apache.lucene.analysis [3.5.0.v20120725-1805]
[2016-09-05 14:43:41] Installing org.apache.lucene.core [3.5.0.v20120725-1805]
[2016-09-05 14:43:41] Installing org.apache.ws.commons.util [1.0.1.v20100518-1140]
[2016-09-05 14:43:41] Installing org.apache.xerces [2.9.0.v201101211617]
[2016-09-05 14:43:41] Installing org.apache.xml.resolver [1.2.0.v201005080400]
[2016-09-05 14:43:41] Installing org.apache.xml.serializer [2.7.1.v201005080400]
[2016-09-05 14:43:41] Installing org.apache.xmlrpc [3.0.0.v20100427-1100]
[2016-09-05 14:43:41] Installing org.cyberneko.html [1.9.14.v201105210654]
[2016-09-05 14:43:41] Installing org.eclipse.ant.core [3.4.100.v20160505-0642]
[2016-09-05 14:43:41] Installing org.eclipse.cdt [9.0.0.201606062011]
[2016-09-05 14:43:41] Installing org.eclipse.cdt.autotools.core [2.0.0.201606062011]
[2016-09-05 14:43:41] Installing org.eclipse.cdt.autotools.docs [2.0.2.201606062011]
[2016-09-05 14:43:41] Installing org.eclipse.cdt.autotools.feature.group [9.0.0.201606062011]
[2016-09-05 14:43:41] Installing org.eclipse.cdt.autotools.feature.jar [9.0.0.201606062011]
[2016-09-05 14:43:41] Installing org.eclipse.cdt.autotools.ui [2.0.0.201606062011]
[2016-09-05 14:43:41] Installing org.eclipse.cdt.build.crossgcc [1.1.0.201606062011]
[2016-09-05 14:43:41] Installing org.eclipse.cdt.build.crossgcc.feature.group [9.0.0.201606062011]
[2016-09-05 14:43:41] Installing org.eclipse.cdt.build.crossgcc.feature.jar [9.0.0.201606062011]
[2016-09-05 14:43:41] Installing org.eclipse.cdt.build.gcc.core [1.0.0.201606062011]
[2016-09-05 14:43:41] Installing org.eclipse.cdt.codan.checkers [3.2.0.201606062011]
[2016-09-05 14:43:41] Installing org.eclipse.cdt.codan.checkers.ui [3.2.0.201606062011]
[2016-09-05 14:43:41] Installing org.eclipse.cdt.codan.core [4.0.0.201606062011]
[2016-09-05 14:43:41] Installing org.eclipse.cdt.codan.core.cxx [3.4.0.201606062011]
[2016-09-05 14:43:41] Installing org.eclipse.cdt.codan.ui [3.2.0.201606062011]
[2016-09-05 14:43:41] Installing org.eclipse.cdt.codan.ui.cxx [3.3.0.201606062011]
[2016-09-05 14:43:41] Installing org.eclipse.cdt.core [6.0.0.201606062011]
[2016-09-05 14:43:41] Installing org.eclipse.cdt.core.linux [5.3.0.201606062011]
[2016-09-05 14:43:41] Installing org.eclipse.cdt.core.linux.x86_64 [5.3.0.201606062011]
[2016-09-05 14:43:41] Installing org.eclipse.cdt.core.native [5.9.0.201606062011]
[2016-09-05 14:43:41] Installing org.eclipse.cdt.debug.application [1.1.0.201606062011]
[2016-09-05 14:43:41] Installing org.eclipse.cdt.debug.application.doc [1.1.0.201606062011]
[2016-09-05 14:43:41] Installing org.eclipse.cdt.debug.core [8.0.0.201606062011]
[2016-09-05 14:43:41] Installing org.eclipse.cdt.debug.standalone.feature.group [9.0.0.201606062011]
[2016-09-05 14:43:41] Installing org.eclipse.cdt.debug.standalone.feature.jar [9.0.0.201606062011]
[2016-09-05 14:43:41] Installing org.eclipse.cdt.debug.ui [8.0.0.201606062011]
[2016-09-05 14:43:41] Installing org.eclipse.cdt.debug.ui.memory.feature.group [9.0.0.201606062011]
[2016-09-05 14:43:41] Installing org.eclipse.cdt.debug.ui.memory.feature.jar [9.0.0.201606062011]
[2016-09-05 14:43:41] Installing org.eclipse.cdt.debug.ui.memory.floatingpoint [1.0.0.201606062011]
[2016-09-05 14:43:41] Installing org.eclipse.cdt.debug.ui.memory.memorybrowser [1.3.0.201606062011]
[2016-09-05 14:43:41] Installing org.eclipse.cdt.debug.ui.memory.search [1.3.0.201606062011]
[2016-09-05 14:43:41] Installing org.eclipse.cdt.debug.ui.memory.traditional [1.4.0.201606062011]
[2016-09-05 14:43:41] Installing org.eclipse.cdt.debug.ui.memory.transport [2.1.0.201606062011]
[2016-09-05 14:43:41] Installing org.eclipse.cdt.doc.user [5.4.0.201606062011]
[2016-09-05 14:43:41] Installing org.eclipse.cdt.dsf [2.7.0.201606062011]
[2016-09-05 14:43:41] Installing org.eclipse.cdt.dsf.gdb [5.0.0.201606062011]
[2016-09-05 14:43:41] Installing org.eclipse.cdt.dsf.gdb.ui [2.6.0.201606062011]
[2016-09-05 14:43:41] Installing org.eclipse.cdt.dsf.ui [2.5.0.201606062011]
[2016-09-05 14:43:41] Installing org.eclipse.cdt.feature.group [9.0.0.201606062011]
[2016-09-05 14:43:41] Installing org.eclipse.cdt.feature.jar [9.0.0.201606062011]
[2016-09-05 14:43:41] Installing org.eclipse.cdt.gdb [7.0.0.201606062011]
[2016-09-05 14:43:41] Installing org.eclipse.cdt.gdb.feature.group [9.0.0.201606062011]
[2016-09-05 14:43:41] Installing org.eclipse.cdt.gdb.feature.jar [9.0.0.201606062011]
[2016-09-05 14:43:41] Installing org.eclipse.cdt.gdb.ui [7.0.0.201606062011]
[2016-09-05 14:43:41] Installing org.eclipse.cdt.gnu.build.feature.group [9.0.0.201606062011]
[2016-09-05 14:43:41] Installing org.eclipse.cdt.gnu.build.feature.jar [9.0.0.201606062011]
[2016-09-05 14:43:41] Installing org.eclipse.cdt.gnu.debug.feature.group [9.0.0.201606062011]
[2016-09-05 14:43:41] Installing org.eclipse.cdt.gnu.debug.feature.jar [9.0.0.201606062011]
[2016-09-05 14:43:41] Installing org.eclipse.cdt.gnu.dsf.feature.group [9.0.0.201606062011]
[2016-09-05 14:43:41] Installing org.eclipse.cdt.gnu.dsf.feature.jar [9.0.0.201606062011]
[2016-09-05 14:43:41] Installing org.eclipse.cdt.launch [9.0.0.201606062011]
[2016-09-05 14:43:41] Installing org.eclipse.cdt.launch.remote [2.5.0.201606062011]
[2016-09-05 14:43:41] Installing org.eclipse.cdt.launch.remote.feature.group [9.0.0.201606062011]
[2016-09-05 14:43:41] Installing org.eclipse.cdt.launch.remote.feature.jar [9.0.0.201606062011]
[2016-09-05 14:43:41] Installing org.eclipse.cdt.launch.remote.source [2.5.0.201606062011]
[2016-09-05 14:43:41] Installing org.eclipse.cdt.make.core [7.3.0.201606062011]
[2016-09-05 14:43:41] Installing org.eclipse.cdt.make.ui [7.2.0.201606062011]
[2016-09-05 14:43:41] Installing org.eclipse.cdt.managedbuilder.core [8.4.0.201606062011]
[2016-09-05 14:43:41] Installing org.eclipse.cdt.managedbuilder.gnu.ui [8.3.0.201606062011]
[2016-09-05 14:43:41] Installing org.eclipse.cdt.managedbuilder.ui [9.0.0.201606062011]
[2016-09-05 14:43:41] Installing org.eclipse.cdt.mylyn.feature.group [5.16.0.v20160421-1902]
[2016-09-05 14:43:41] Installing org.eclipse.cdt.mylyn.feature.jar [5.16.0.v20160421-1902]
[2016-09-05 14:43:41] Installing org.eclipse.cdt.mylyn.ui [3.20.0.v20160421-1902]
[2016-09-05 14:43:41] Installing org.eclipse.cdt.native.feature.group [9.0.0.201606062011]
[2016-09-05 14:43:41] Installing org.eclipse.cdt.native.feature.jar [9.0.0.201606062011]
[2016-09-05 14:43:41] Installing org.eclipse.cdt.native.serial [1.0.0.201606062011]
[2016-09-05 14:43:41] Installing org.eclipse.cdt.platform.feature.group [9.0.0.201606062011]
[2016-09-05 14:43:41] Installing org.eclipse.cdt.platform.feature.jar [9.0.0.201606062011]
[2016-09-05 14:43:41] Installing org.eclipse.cdt.remote.core [1.0.0.201606062011]
[2016-09-05 14:43:41] Installing org.eclipse.cdt.ui [6.0.0.201606062011]
[2016-09-05 14:43:41] Installing org.eclipse.cdt_root [9.0.0.201606062011]
[2016-09-05 14:43:41] Installing org.eclipse.compare [3.6.0.v20160418-1534]
[2016-09-05 14:43:41] Installing org.eclipse.compare.core [3.6.0.v20160418-1534]
[2016-09-05 14:43:41] Installing org.eclipse.core.commands [3.8.0.v20160316-1921]
[2016-09-05 14:43:41] Installing org.eclipse.core.contenttype [3.5.100.v20160418-1621]
[2016-09-05 14:43:41] Installing org.eclipse.core.databinding [1.6.0.v20160412-0910]
[2016-09-05 14:43:41] Installing org.eclipse.core.databinding.beans [1.3.100.v20160509-1025]
[2016-09-05 14:43:41] Installing org.eclipse.core.databinding.observable [1.6.0.v20160511-1747]
[2016-09-05 14:43:41] Installing org.eclipse.core.databinding.property [1.6.0.v20160427-0852]
[2016-09-05 14:43:41] Installing org.eclipse.core.expressions [3.5.100.v20160418-1621]
[2016-09-05 14:43:41] Installing org.eclipse.core.externaltools [1.0.400.v20160509-1057]
[2016-09-05 14:43:41] Installing org.eclipse.core.filebuffers [3.6.0.v20160503-1849]
[2016-09-05 14:43:41] Installing org.eclipse.core.filesystem [1.6.0.v20160503-1608]
[2016-09-05 14:43:41] Installing org.eclipse.core.filesystem.linux.x86_64 [1.2.200.v20140124-1940]
[2016-09-05 14:43:41] Installing org.eclipse.core.jobs [3.8.0.v20160509-0411]
[2016-09-05 14:43:41] Installing org.eclipse.core.net [1.3.0.v20160418-1534]
[2016-09-05 14:43:41] Installing org.eclipse.core.net.linux.x86_64 [1.2.0.v20160323-1650]
[2016-09-05 14:43:41] Installing org.eclipse.core.resources [3.11.0.v20160503-1608]
[2016-09-05 14:43:41] Installing org.eclipse.core.runtime [3.12.0.v20160606-1342]
[2016-09-05 14:43:41] Installing org.eclipse.core.variables [3.3.0.v20160419-1720]
[2016-09-05 14:43:41] Installing org.eclipse.debug.core [3.10.100.v20160419-1720]
[2016-09-05 14:43:41] Installing org.eclipse.debug.ui [3.11.200.v20160518-1858]
[2016-09-05 14:43:41] Installing org.eclipse.draw2d [3.10.100.201606061308]
[2016-09-05 14:43:41] Installing org.eclipse.dstore.core [3.4.0.201501311530]
[2016-09-05 14:43:41] Installing org.eclipse.dstore.extra [2.1.400.201403100950]
[2016-09-05 14:43:41] Installing org.eclipse.e4.core.commands [0.11.100.v20160506-0804]
[2016-09-05 14:43:41] Installing org.eclipse.e4.core.contexts [1.5.0.v20160504-0909]
[2016-09-05 14:43:41] Installing org.eclipse.e4.core.di [1.6.0.v20160319-0612]
[2016-09-05 14:43:41] Installing org.eclipse.e4.core.di.annotations [1.5.0.v20151127-1241]
[2016-09-05 14:43:41] Installing org.eclipse.e4.core.di.extensions [0.14.0.v20160211-1614]
[2016-09-05 14:43:41] Installing org.eclipse.e4.core.services [2.0.100.v20160509-1032]
[2016-09-05 14:43:41] Installing org.eclipse.e4.emf.xpath [0.1.200.v20160506-0804]
[2016-09-05 14:43:41] Installing org.eclipse.e4.rcp.feature.group [1.5.0.v20160606-1342]
[2016-09-05 14:43:41] Installing org.eclipse.e4.rcp.feature.jar [1.5.0.v20160606-1342]
[2016-09-05 14:43:41] Installing org.eclipse.e4.ui.bindings [0.11.100.v20160509-1025]
[2016-09-05 14:43:41] Installing org.eclipse.e4.ui.css.core [0.12.0.v20160505-1310]
[2016-09-05 14:43:41] Installing org.eclipse.e4.ui.css.swt [0.12.100.v20160517-1505]
[2016-09-05 14:43:41] Installing org.eclipse.e4.ui.css.swt.theme [0.10.100.v20160523-0836]
[2016-09-05 14:43:41] Installing org.eclipse.e4.ui.di [1.1.100.v20160506-0759]
[2016-09-05 14:43:41] Installing org.eclipse.e4.ui.dialogs [1.1.0.v20151127-1218]
[2016-09-05 14:43:41] Installing org.eclipse.e4.ui.model.workbench [1.2.0.v20160229-1459]
[2016-09-05 14:43:41] Installing org.eclipse.e4.ui.services [1.2.100.v20160506-0759]
[2016-09-05 14:43:41] Installing org.eclipse.e4.ui.swt.gtk [1.0.100.v20160301-1001]
[2016-09-05 14:43:41] Installing org.eclipse.e4.ui.widgets [1.1.100.v20160506-0759]
[2016-09-05 14:43:41] Installing org.eclipse.e4.ui.workbench [1.4.0.v20160517-1624]
[2016-09-05 14:43:41] Installing org.eclipse.e4.ui.workbench.addons.swt [1.2.100.v20160506-0759]
[2016-09-05 14:43:41] Installing org.eclipse.e4.ui.workbench.renderers.swt [0.14.0.v20160525-0940]
[2016-09-05 14:43:41] Installing org.eclipse.e4.ui.workbench.swt [0.14.0.v20160523-1900]
[2016-09-05 14:43:41] Installing org.eclipse.e4.ui.workbench3 [0.13.100.v20160506-0759]
[2016-09-05 14:43:41] Installing org.eclipse.ecf [3.8.0.v20160405-1820]
[2016-09-05 14:43:41] Installing org.eclipse.ecf.core.feature.feature.group [1.3.0.v20160405-1820]
[2016-09-05 14:43:41] Installing org.eclipse.ecf.core.feature.feature.jar [1.3.0.v20160405-1820]
[2016-09-05 14:43:41] Installing org.eclipse.ecf.core.ssl.feature.feature.group [1.1.0.v20160405-1820]
[2016-09-05 14:43:41] Installing org.eclipse.ecf.core.ssl.feature.feature.jar [1.1.0.v20160405-1820]
[2016-09-05 14:43:41] Installing org.eclipse.ecf.filetransfer [5.0.0.v20160405-1820]
[2016-09-05 14:43:41] Installing org.eclipse.ecf.filetransfer.feature.feature.group [3.13.1.v20160405-1820]
[2016-09-05 14:43:41] Installing org.eclipse.ecf.filetransfer.feature.feature.jar [3.13.1.v20160405-1820]
[2016-09-05 14:43:41] Installing org.eclipse.ecf.filetransfer.httpclient4.feature.feature.group [3.13.1.v20160405-1820]
[2016-09-05 14:43:41] Installing org.eclipse.ecf.filetransfer.httpclient4.feature.feature.jar [3.13.1.v20160405-1820]
[2016-09-05 14:43:41] Installing org.eclipse.ecf.filetransfer.httpclient4.ssl.feature.feature.group [1.1.0.v20160405-1820]
[2016-09-05 14:43:41] Installing org.eclipse.ecf.filetransfer.httpclient4.ssl.feature.feature.jar [1.1.0.v20160405-1820]
[2016-09-05 14:43:41] Installing org.eclipse.ecf.filetransfer.ssl.feature.feature.group [1.1.0.v20160405-1820]
[2016-09-05 14:43:41] Installing org.eclipse.ecf.filetransfer.ssl.feature.feature.jar [1.1.0.v20160405-1820]
[2016-09-05 14:43:41] Installing org.eclipse.ecf.identity [3.7.0.v20160405-1820]
[2016-09-05 14:43:41] Installing org.eclipse.ecf.provider.filetransfer [3.2.200.v20160405-1820]
[2016-09-05 14:43:41] Installing org.eclipse.ecf.provider.filetransfer.httpclient4 [1.1.100.v20160405-1820]
[2016-09-05 14:43:41] Installing org.eclipse.ecf.provider.filetransfer.httpclient4.ssl [1.1.0.v20160405-1820]
[2016-09-05 14:43:41] Installing org.eclipse.ecf.provider.filetransfer.ssl [1.0.0.v20160405-1820]
[2016-09-05 14:43:41] Installing org.eclipse.ecf.ssl [1.2.0.v20160405-1820]
[2016-09-05 14:43:41] Installing org.eclipse.egit [4.4.0.201606070830-r]
[2016-09-05 14:43:41] Installing org.eclipse.egit.core [4.4.0.201606070830-r]
[2016-09-05 14:43:41] Installing org.eclipse.egit.doc [4.4.0.201606070830-r]
[2016-09-05 14:43:41] Installing org.eclipse.egit.feature.group [4.4.0.201606070830-r]
[2016-09-05 14:43:41] Installing org.eclipse.egit.feature.jar [4.4.0.201606070830-r]
[2016-09-05 14:43:41] Installing org.eclipse.egit.ui [4.4.0.201606070830-r]
[2016-09-05 14:43:41] Installing org.eclipse.emf.common [2.12.0.v20160420-0247]
[2016-09-05 14:43:41] Installing org.eclipse.emf.common.feature.group [2.12.0.v20160420-0247]
[2016-09-05 14:43:41] Installing org.eclipse.emf.common.feature.jar [2.12.0.v20160420-0247]
[2016-09-05 14:43:41] Installing org.eclipse.emf.common.ui [2.11.0.v20160526-0356]
[2016-09-05 14:43:41] Installing org.eclipse.emf.databinding [1.3.0.v20160526-0356]
[2016-09-05 14:43:41] Installing org.eclipse.emf.ecore [2.12.0.v20160420-0247]
[2016-09-05 14:43:41] Installing org.eclipse.emf.ecore.change [2.11.0.v20160420-0247]
[2016-09-05 14:43:41] Installing org.eclipse.emf.ecore.feature.group [2.12.0.v20160420-0247]
[2016-09-05 14:43:41] Installing org.eclipse.emf.ecore.feature.jar [2.12.0.v20160420-0247]
[2016-09-05 14:43:41] Installing org.eclipse.emf.ecore.xmi [2.12.0.v20160420-0247]
[2016-09-05 14:43:41] Installing org.eclipse.emf.edit [2.12.0.v20160526-0356]
[2016-09-05 14:43:41] Installing org.eclipse.emf.edit.ui [2.12.0.v20160526-0356]
[2016-09-05 14:43:41] Installing org.eclipse.epp.logging.aeri.core [2.0.1.v20160602-0457]
[2016-09-05 14:43:41] Installing org.eclipse.epp.logging.aeri.feature.feature.group [2.0.1.v20160605-1811]
[2016-09-05 14:43:41] Installing org.eclipse.epp.logging.aeri.feature.feature.jar [2.0.1.v20160605-1811]
[2016-09-05 14:43:41] Installing org.eclipse.epp.logging.aeri.ide [2.0.1.v20160605-1811]
[2016-09-05 14:43:41] Installing org.eclipse.epp.mpc.core [1.5.0.v20160608-1457]
[2016-09-05 14:43:41] Installing org.eclipse.epp.mpc.feature.group [1.5.0.v20160608-1804]
[2016-09-05 14:43:41] Installing org.eclipse.epp.mpc.feature.jar [1.5.0.v20160608-1804]
[2016-09-05 14:43:41] Installing org.eclipse.epp.mpc.help.ui [1.5.0.v20160524-1910]
[2016-09-05 14:43:41] Installing org.eclipse.epp.mpc.ui [1.5.0.v20160608-1804]
[2016-09-05 14:43:41] Installing org.eclipse.epp.package.common.feature.feature.group [4.6.0.20160613-1800]
[2016-09-05 14:43:41] Installing org.eclipse.epp.package.common.feature.feature.jar [4.6.0.20160613-1800]
[2016-09-05 14:43:41] Installing org.eclipse.epp.package.cpp [4.6.0.20160613-1800]
[2016-09-05 14:43:41] Installing org.eclipse.epp.package.cpp.feature.feature.group [4.6.0.20160613-1800]
[2016-09-05 14:43:41] Installing org.eclipse.epp.package.cpp.feature.feature.jar [4.6.0.20160613-1800]
[2016-09-05 14:43:41] Installing org.eclipse.equinox.app [1.3.400.v20150715-1528]
[2016-09-05 14:43:41] Installing org.eclipse.equinox.bidi [1.0.0.v20160307-1318]
[2016-09-05 14:43:41] Installing org.eclipse.equinox.common [3.8.0.v20160509-1230]
[2016-09-05 14:43:41] Installing org.eclipse.equinox.concurrent [1.1.0.v20130327-1442]
[2016-09-05 14:43:41] Installing org.eclipse.equinox.console [1.1.200.v20150929-1405]
[2016-09-05 14:43:41] Installing org.eclipse.equinox.ds [1.4.400.v20160226-2036]
[2016-09-05 14:43:41] Installing org.eclipse.equinox.event [1.3.200.v20160324-1850]
[2016-09-05 14:43:41] Installing org.eclipse.equinox.frameworkadmin [2.0.300.v20160504-1450]
[2016-09-05 14:43:41] Installing org.eclipse.equinox.frameworkadmin.equinox [1.0.700.v20160102-2223]
[2016-09-05 14:43:41] Installing org.eclipse.equinox.http.jetty [3.3.0.v20160324-1850]
[2016-09-05 14:43:41] Installing org.eclipse.equinox.http.registry [1.1.400.v20150715-1528]
[2016-09-05 14:43:41] Installing org.eclipse.equinox.http.servlet [1.3.0.v20160517-1559]
[2016-09-05 14:43:41] Installing org.eclipse.equinox.jsp.jasper [1.0.500.v20150119-1358]
[2016-09-05 14:43:41] Installing org.eclipse.equinox.jsp.jasper.registry [1.0.300.v20130327-1442]
[2016-09-05 14:43:41] Installing org.eclipse.equinox.launcher [1.3.200.v20160318-1642]
[2016-09-05 14:43:41] Installing org.eclipse.equinox.launcher.gtk.linux.x86_64 [1.1.400.v20160518-1444]
[2016-09-05 14:43:41] Installing org.eclipse.equinox.p2.artifact.repository [1.1.500.v20160419-0834]
[2016-09-05 14:43:41] Installing org.eclipse.equinox.p2.console [1.0.500.v20160504-1450]
[2016-09-05 14:43:41] Installing org.eclipse.equinox.p2.core [2.4.100.v20160419-0834]
[2016-09-05 14:43:41] Installing org.eclipse.equinox.p2.core.feature.feature.group [1.3.200.v20160606-1311]
[2016-09-05 14:43:41] Installing org.eclipse.equinox.p2.core.feature.feature.jar [1.3.200.v20160606-1311]
[2016-09-05 14:43:41] Installing org.eclipse.equinox.p2.director [2.3.300.v20160504-1450]
[2016-09-05 14:43:41] Installing org.eclipse.equinox.p2.director.app [1.0.500.v20160419-0834]
[2016-09-05 14:43:41] Installing org.eclipse.equinox.p2.directorywatcher [1.1.100.v20150423-1455]
[2016-09-05 14:43:41] Installing org.eclipse.equinox.p2.discovery [1.0.400.v20160504-1450]
[2016-09-05 14:43:41] Installing org.eclipse.equinox.p2.discovery.compatibility [1.0.200.v20131211-1531]
[2016-09-05 14:43:41] Installing org.eclipse.equinox.p2.discovery.feature.feature.group [1.0.400.v20160504-1450]
[2016-09-05 14:43:41] Installing org.eclipse.equinox.p2.discovery.feature.feature.jar [1.0.400.v20160504-1450]
[2016-09-05 14:43:41] Installing org.eclipse.equinox.p2.engine [2.4.100.v20160419-0834]
[2016-09-05 14:43:41] Installing org.eclipse.equinox.p2.extensionlocation [1.2.300.v20160419-0834]
[2016-09-05 14:43:41] Installing org.eclipse.equinox.p2.extras.feature.feature.group [1.2.200.v20160606-1311]
[2016-09-05 14:43:41] Installing org.eclipse.equinox.p2.extras.feature.feature.jar [1.2.200.v20160606-1311]
[2016-09-05 14:43:41] Installing org.eclipse.equinox.p2.garbagecollector [1.0.300.v20160504-1450]
[2016-09-05 14:43:41] Installing org.eclipse.equinox.p2.jarprocessor [1.0.500.v20160504-1450]
[2016-09-05 14:43:41] Installing org.eclipse.equinox.p2.metadata [2.3.100.v20160427-2220]
[2016-09-05 14:43:41] Installing org.eclipse.equinox.p2.metadata.repository [1.2.300.v20160419-0834]
[2016-09-05 14:43:41] Installing org.eclipse.equinox.p2.operations [2.4.200.v20160504-1450]
[2016-09-05 14:43:41] Installing org.eclipse.equinox.p2.publisher [1.4.100.v20160504-1450]
[2016-09-05 14:43:41] Installing org.eclipse.equinox.p2.publisher.eclipse [1.2.100.v20160504-1450]
[2016-09-05 14:43:41] Installing org.eclipse.equinox.p2.rcp.feature.feature.group [1.2.200.v20160606-1311]
[2016-09-05 14:43:41] Installing org.eclipse.equinox.p2.rcp.feature.feature.jar [1.2.200.v20160606-1311]
[2016-09-05 14:43:41] Installing org.eclipse.equinox.p2.reconciler.dropins [1.1.400.v20160504-1450]
[2016-09-05 14:43:41] Installing org.eclipse.equinox.p2.repository [2.3.200.v20160421-0324]
[2016-09-05 14:43:41] Installing org.eclipse.equinox.p2.repository.tools [2.1.300.v20160421-0324]
[2016-09-05 14:43:41] Installing org.eclipse.equinox.p2.touchpoint.eclipse [2.1.400.v20160419-0834]
[2016-09-05 14:43:41] Installing org.eclipse.equinox.p2.touchpoint.natives [1.2.100.v20160419-0834]
[2016-09-05 14:43:41] Installing org.eclipse.equinox.p2.transport.ecf [1.1.200.v20160606-1311]
[2016-09-05 14:43:41] Installing org.eclipse.equinox.p2.ui [2.4.100.v20160419-0834]
[2016-09-05 14:43:41] Installing org.eclipse.equinox.p2.ui.discovery [1.0.200.v20160504-1450]
[2016-09-05 14:43:41] Installing org.eclipse.equinox.p2.ui.importexport [1.1.200.v20160521-1138]
[2016-09-05 14:43:41] Installing org.eclipse.equinox.p2.ui.sdk [1.0.400.v20150423-1455]
[2016-09-05 14:43:41] Installing org.eclipse.equinox.p2.ui.sdk.scheduler [1.2.200.v20160504-1450]
[2016-09-05 14:43:41] Installing org.eclipse.equinox.p2.updatechecker [1.1.200.v20131119-0908]
[2016-09-05 14:43:41] Installing org.eclipse.equinox.p2.updatesite [1.0.600.v20160504-1450]
[2016-09-05 14:43:41] Installing org.eclipse.equinox.p2.user.ui.feature.group [2.2.200.v20160606-1311]
[2016-09-05 14:43:41] Installing org.eclipse.equinox.p2.user.ui.feature.jar [2.2.200.v20160606-1311]
[2016-09-05 14:43:41] Installing org.eclipse.equinox.preferences [3.6.0.v20160120-1756]
[2016-09-05 14:43:41] Installing org.eclipse.equinox.registry [3.6.100.v20160223-2218]
[2016-09-05 14:43:41] Installing org.eclipse.equinox.security [1.2.200.v20150715-1528]
[2016-09-05 14:43:41] Installing org.eclipse.equinox.security.ui [1.1.300.v20150803-1225]
[2016-09-05 14:43:41] Installing org.eclipse.equinox.simpleconfigurator [1.1.200.v20160504-1450]
[2016-09-05 14:43:41] Installing org.eclipse.equinox.simpleconfigurator.manipulator [2.0.200.v20160504-1450]
[2016-09-05 14:43:41] Installing org.eclipse.equinox.util [1.0.500.v20130404-1337]
[2016-09-05 14:43:41] Installing org.eclipse.help [3.7.0.v20160602-1307]
[2016-09-05 14:43:41] Installing org.eclipse.help.base [4.1.0.v20160606-1100]
[2016-09-05 14:43:41] Installing org.eclipse.help.feature.group [2.2.0.v20160606-1100]
[2016-09-05 14:43:41] Installing org.eclipse.help.feature.jar [2.2.0.v20160606-1100]
[2016-09-05 14:43:41] Installing org.eclipse.help.ui [4.0.200.v20160510-0758]
[2016-09-05 14:43:41] Installing org.eclipse.help.webapp [3.8.0.v20160504-0839]
[2016-09-05 14:43:41] Installing org.eclipse.jetty.continuation [9.3.9.v20160517]
[2016-09-05 14:43:41] Installing org.eclipse.jetty.http [9.3.9.v20160517]
[2016-09-05 14:43:41] Installing org.eclipse.jetty.io [9.3.9.v20160517]
[2016-09-05 14:43:41] Installing org.eclipse.jetty.security [9.3.9.v20160517]
[2016-09-05 14:43:41] Installing org.eclipse.jetty.server [9.3.9.v20160517]
[2016-09-05 14:43:41] Installing org.eclipse.jetty.servlet [9.3.9.v20160517]
[2016-09-05 14:43:41] Installing org.eclipse.jetty.util [9.3.9.v20160517]
[2016-09-05 14:43:41] Installing org.eclipse.jface [3.12.0.v20160518-1929]
[2016-09-05 14:43:41] Installing org.eclipse.jface.databinding [1.8.0.v20160420-2231]
[2016-09-05 14:43:41] Installing org.eclipse.jface.text [3.11.0.v20160505-1301]
[2016-09-05 14:43:41] Installing org.eclipse.jgit [4.4.0.201606070830-r]
[2016-09-05 14:43:41] Installing org.eclipse.jgit.archive [4.4.0.201606070830-r]
[2016-09-05 14:43:41] Installing org.eclipse.jgit.feature.group [4.4.0.201606070830-r]
[2016-09-05 14:43:41] Installing org.eclipse.jgit.feature.jar [4.4.0.201606070830-r]
[2016-09-05 14:43:41] Installing org.eclipse.jsch.core [1.3.0.v20160422-1917]
[2016-09-05 14:43:41] Installing org.eclipse.jsch.ui [1.3.0.v20160323-1650]
[2016-09-05 14:43:41] Installing org.eclipse.launchbar.core [2.0.0.201606032238]
[2016-09-05 14:43:41] Installing org.eclipse.linuxtools.binutils [6.0.0.201606101757]
[2016-09-05 14:43:41] Installing org.eclipse.linuxtools.callgraph [2.0.0.201606101757]
[2016-09-05 14:43:41] Installing org.eclipse.linuxtools.callgraph.core [3.0.0.201606101757]
[2016-09-05 14:43:41] Installing org.eclipse.linuxtools.callgraph.docs [1.0.0.201606101757]
[2016-09-05 14:43:41] Installing org.eclipse.linuxtools.callgraph.feature.feature.group [5.0.0.201606101757]
[2016-09-05 14:43:41] Installing org.eclipse.linuxtools.callgraph.feature.feature.jar [5.0.0.201606101757]
[2016-09-05 14:43:41] Installing org.eclipse.linuxtools.callgraph.launch [2.0.0.201606101757]
[2016-09-05 14:43:41] Installing org.eclipse.linuxtools.cdt.libhover [1.2.0.201606101757]
[2016-09-05 14:43:41] Installing org.eclipse.linuxtools.cdt.libhover.devhelp [1.1.0.201606101757]
[2016-09-05 14:43:41] Installing org.eclipse.linuxtools.cdt.libhover.devhelp.feature.feature.group [5.0.0.201606101757]
[2016-09-05 14:43:41] Installing org.eclipse.linuxtools.cdt.libhover.devhelp.feature.feature.jar [5.0.0.201606101757]
[2016-09-05 14:43:41] Installing org.eclipse.linuxtools.cdt.libhover.feature.feature.group [5.0.0.201606101757]
[2016-09-05 14:43:41] Installing org.eclipse.linuxtools.cdt.libhover.feature.feature.jar [5.0.0.201606101757]
[2016-09-05 14:43:41] Installing org.eclipse.linuxtools.cdt.libhover.glibc [1.2.0.201606101757]
[2016-09-05 14:43:41] Installing org.eclipse.linuxtools.cdt.libhover.library.docs [1.0.2.201606101757]
[2016-09-05 14:43:41] Installing org.eclipse.linuxtools.changelog.c.feature.group [5.0.0.201606101757]
[2016-09-05 14:43:41] Installing org.eclipse.linuxtools.changelog.c.feature.jar [5.0.0.201606101757]
[2016-09-05 14:43:41] Installing org.eclipse.linuxtools.changelog.core [2.8.0.201606101757]
[2016-09-05 14:43:41] Installing org.eclipse.linuxtools.changelog.cparser [2.7.0.201606101757]
[2016-09-05 14:43:41] Installing org.eclipse.linuxtools.changelog.doc [2.7.1.201606101757]
[2016-09-05 14:43:41] Installing org.eclipse.linuxtools.dataviewers [6.0.0.201606101757]
[2016-09-05 14:43:41] Installing org.eclipse.linuxtools.dataviewers.charts [6.0.0.201606101757]
[2016-09-05 14:43:41] Installing org.eclipse.linuxtools.dataviewers.piechart [2.0.1.201606101757]
[2016-09-05 14:43:41] Installing org.eclipse.linuxtools.gcov.core [5.2.0.201606101757]
[2016-09-05 14:43:41] Installing org.eclipse.linuxtools.gcov.docs [1.0.0.201606101757]
[2016-09-05 14:43:41] Installing org.eclipse.linuxtools.gcov.feature.group [5.0.0.201606101757]
[2016-09-05 14:43:41] Installing org.eclipse.linuxtools.gcov.feature.jar [5.0.0.201606101757]
[2016-09-05 14:43:41] Installing org.eclipse.linuxtools.gcov.launch [1.1.0.201606101757]
[2016-09-05 14:43:41] Installing org.eclipse.linuxtools.gprof [5.0.0.201606101757]
[2016-09-05 14:43:41] Installing org.eclipse.linuxtools.gprof.docs [1.0.0.201606101757]
[2016-09-05 14:43:41] Installing org.eclipse.linuxtools.gprof.feature.feature.group [5.0.0.201606101757]
[2016-09-05 14:43:41] Installing org.eclipse.linuxtools.gprof.feature.feature.jar [5.0.0.201606101757]
[2016-09-05 14:43:41] Installing org.eclipse.linuxtools.gprof.launch [1.1.0.201606101757]
[2016-09-05 14:43:41] Installing org.eclipse.linuxtools.man.core [1.4.0.201606101757]
[2016-09-05 14:43:41] Installing org.eclipse.linuxtools.oprofile.core [3.0.0.201606101757]
[2016-09-05 14:43:41] Installing org.eclipse.linuxtools.oprofile.doc [1.0.0.201606101757]
[2016-09-05 14:43:41] Installing org.eclipse.linuxtools.oprofile.feature.feature.group [5.0.0.201606101757]
[2016-09-05 14:43:41] Installing org.eclipse.linuxtools.oprofile.feature.feature.jar [5.0.0.201606101757]
[2016-09-05 14:43:41] Installing org.eclipse.linuxtools.oprofile.launch [1.0.1.201606101757]
[2016-09-05 14:43:41] Installing org.eclipse.linuxtools.oprofile.ui [2.2.0.201606101757]
[2016-09-05 14:43:41] Installing org.eclipse.linuxtools.perf [1.2.0.201606101757]
[2016-09-05 14:43:41] Installing org.eclipse.linuxtools.perf.doc [1.0.0.201606101757]
[2016-09-05 14:43:41] Installing org.eclipse.linuxtools.perf.feature.feature.group [5.0.0.201606101757]
[2016-09-05 14:43:41] Installing org.eclipse.linuxtools.perf.feature.feature.jar [5.0.0.201606101757]
[2016-09-05 14:43:41] Installing org.eclipse.linuxtools.profiling.docs [1.0.0.201606101757]
[2016-09-05 14:43:41] Installing org.eclipse.linuxtools.profiling.feature.group [5.0.0.201606101757]
[2016-09-05 14:43:41] Installing org.eclipse.linuxtools.profiling.feature.jar [5.0.0.201606101757]
[2016-09-05 14:43:41] Installing org.eclipse.linuxtools.profiling.launch [3.2.0.201606101757]
[2016-09-05 14:43:41] Installing org.eclipse.linuxtools.profiling.ui [3.1.0.201606101757]
[2016-09-05 14:43:41] Installing org.eclipse.linuxtools.profiling.ui.capability [1.0.0.201606101757]
[2016-09-05 14:43:41] Installing org.eclipse.linuxtools.rpm.core [3.0.0.201606101757]
[2016-09-05 14:43:41] Installing org.eclipse.linuxtools.rpm.createrepo [1.0.0.201606101757]
[2016-09-05 14:43:41] Installing org.eclipse.linuxtools.rpm.feature.group [5.0.0.201606101757]
[2016-09-05 14:43:41] Installing org.eclipse.linuxtools.rpm.feature.jar [5.0.0.201606101757]
[2016-09-05 14:43:41] Installing org.eclipse.linuxtools.rpm.rpmlint [1.0.0.201606101757]
[2016-09-05 14:43:41] Installing org.eclipse.linuxtools.rpm.ui [1.1.0.201606101757]
[2016-09-05 14:43:41] Installing org.eclipse.linuxtools.rpm.ui.editor [3.0.0.201606101757]
[2016-09-05 14:43:41] Installing org.eclipse.linuxtools.rpm.ui.editor.doc [1.0.0.201606101757]
[2016-09-05 14:43:41] Installing org.eclipse.linuxtools.rpmstubby [1.2.0.201606101757]
[2016-09-05 14:43:41] Installing org.eclipse.linuxtools.systemtap.feature.group [5.0.0.201606101757]
[2016-09-05 14:43:41] Installing org.eclipse.linuxtools.systemtap.feature.jar [5.0.0.201606101757]
[2016-09-05 14:43:41] Installing org.eclipse.linuxtools.systemtap.graphing.core [2.0.0.201606101757]
[2016-09-05 14:43:41] Installing org.eclipse.linuxtools.systemtap.graphing.ui [4.1.0.201606101757]
[2016-09-05 14:43:41] Installing org.eclipse.linuxtools.systemtap.structures [4.1.0.201606101757]
[2016-09-05 14:43:41] Installing org.eclipse.linuxtools.systemtap.ui.consolelog [3.1.0.201606101757]
[2016-09-05 14:43:41] Installing org.eclipse.linuxtools.systemtap.ui.doc [2.6.5.201606101757]
[2016-09-05 14:43:41] Installing org.eclipse.linuxtools.systemtap.ui.editor [3.0.0.201606101757]
[2016-09-05 14:43:41] Installing org.eclipse.linuxtools.systemtap.ui.ide [2.3.0.201606101757]
[2016-09-05 14:43:41] Installing org.eclipse.linuxtools.tools.launch.core [3.2.0.201606101757]
[2016-09-05 14:43:41] Installing org.eclipse.linuxtools.tools.launch.ui [2.0.0.201606101757]
[2016-09-05 14:43:41] Installing org.eclipse.linuxtools.valgrind.cachegrind [1.0.0.201606101757]
[2016-09-05 14:43:41] Installing org.eclipse.linuxtools.valgrind.core [1.0.0.201606101757]
[2016-09-05 14:43:41] Installing org.eclipse.linuxtools.valgrind.doc [1.0.0.201606101757]
[2016-09-05 14:43:41] Installing org.eclipse.linuxtools.valgrind.feature.group [5.0.0.201606101757]
[2016-09-05 14:43:41] Installing org.eclipse.linuxtools.valgrind.feature.jar [5.0.0.201606101757]
[2016-09-05 14:43:41] Installing org.eclipse.linuxtools.valgrind.helgrind [1.1.0.201606101757]
[2016-09-05 14:43:41] Installing org.eclipse.linuxtools.valgrind.launch [3.0.0.201606101757]
[2016-09-05 14:43:41] Installing org.eclipse.linuxtools.valgrind.massif [1.1.0.201606101757]
[2016-09-05 14:43:41] Installing org.eclipse.linuxtools.valgrind.memcheck [1.1.0.201606101757]
[2016-09-05 14:43:41] Installing org.eclipse.linuxtools.valgrind.ui [2.0.0.201606101757]
[2016-09-05 14:43:41] Installing org.eclipse.linuxtools.valgrind.ui.editor [1.0.0.201606101757]
[2016-09-05 14:43:41] Installing org.eclipse.ltk.core.refactoring [3.7.0.v20160419-0705]
[2016-09-05 14:43:41] Installing org.eclipse.ltk.ui.refactoring [3.8.0.v20160518-1817]
[2016-09-05 14:43:41] Installing org.eclipse.mylyn.bugzilla.core [3.20.0.v20160425-1835]
[2016-09-05 14:43:41] Installing org.eclipse.mylyn.bugzilla.ide [3.20.0.v20160421-1902]
[2016-09-05 14:43:41] Installing org.eclipse.mylyn.bugzilla.ui [3.20.0.v20160425-1835]
[2016-09-05 14:43:41] Installing org.eclipse.mylyn.bugzilla_feature.feature.group [3.20.0.v20160425-1835]
[2016-09-05 14:43:41] Installing org.eclipse.mylyn.bugzilla_feature.feature.jar [3.20.0.v20160425-1835]
[2016-09-05 14:43:41] Installing org.eclipse.mylyn.commons.core [3.20.0.v20160421-1819]
[2016-09-05 14:43:41] Installing org.eclipse.mylyn.commons.feature.group [3.20.0.v20160421-1819]
[2016-09-05 14:43:41] Installing org.eclipse.mylyn.commons.feature.jar [3.20.0.v20160421-1819]
[2016-09-05 14:43:41] Installing org.eclipse.mylyn.commons.identity.core [1.12.0.v20160421-1819]
[2016-09-05 14:43:41] Installing org.eclipse.mylyn.commons.identity.feature.group [1.12.0.v20160421-1819]
[2016-09-05 14:43:41] Installing org.eclipse.mylyn.commons.identity.feature.jar [1.12.0.v20160421-1819]
[2016-09-05 14:43:41] Installing org.eclipse.mylyn.commons.net [3.20.0.v20160421-1819]
[2016-09-05 14:43:41] Installing org.eclipse.mylyn.commons.notifications.core [1.12.0.v20160421-1819]
[2016-09-05 14:43:41] Installing org.eclipse.mylyn.commons.notifications.feature.group [1.12.0.v20160421-1819]
[2016-09-05 14:43:41] Installing org.eclipse.mylyn.commons.notifications.feature.jar [1.12.0.v20160421-1819]
[2016-09-05 14:43:41] Installing org.eclipse.mylyn.commons.notifications.feed [1.12.0.v20160421-1819]
[2016-09-05 14:43:41] Installing org.eclipse.mylyn.commons.notifications.ui [1.12.0.v20160421-1819]
[2016-09-05 14:43:41] Installing org.eclipse.mylyn.commons.repositories.core [1.12.0.v20160421-1819]
[2016-09-05 14:43:41] Installing org.eclipse.mylyn.commons.repositories.feature.group [1.12.0.v20160421-1819]
[2016-09-05 14:43:41] Installing org.eclipse.mylyn.commons.repositories.feature.jar [1.12.0.v20160421-1819]
[2016-09-05 14:43:41] Installing org.eclipse.mylyn.commons.repositories.ui [1.12.0.v20160421-1819]
[2016-09-05 14:43:41] Installing org.eclipse.mylyn.commons.screenshots [3.20.0.v20160421-1819]
[2016-09-05 14:43:41] Installing org.eclipse.mylyn.commons.ui [3.20.0.v20160421-1819]
[2016-09-05 14:43:41] Installing org.eclipse.mylyn.commons.workbench [3.20.0.v20160421-1819]
[2016-09-05 14:43:41] Installing org.eclipse.mylyn.commons.xmlrpc [3.20.0.v20160421-1819]
[2016-09-05 14:43:41] Installing org.eclipse.mylyn.context.core [3.20.0.v20160421-1902]
[2016-09-05 14:43:41] Installing org.eclipse.mylyn.context.tasks.ui [3.20.0.v20160608-1905]
[2016-09-05 14:43:41] Installing org.eclipse.mylyn.context.ui [3.20.0.v20160421-1902]
[2016-09-05 14:43:41] Installing org.eclipse.mylyn.context_feature.feature.group [3.20.0.v20160608-1905]
[2016-09-05 14:43:41] Installing org.eclipse.mylyn.context_feature.feature.jar [3.20.0.v20160608-1905]
[2016-09-05 14:43:41] Installing org.eclipse.mylyn.discovery.core [3.20.0.v20160421-1819]
[2016-09-05 14:43:41] Installing org.eclipse.mylyn.discovery.feature.group [3.20.0.v20160421-1819]
[2016-09-05 14:43:41] Installing org.eclipse.mylyn.discovery.feature.jar [3.20.0.v20160421-1819]
[2016-09-05 14:43:41] Installing org.eclipse.mylyn.discovery.ui [3.20.0.v20160421-1819]
[2016-09-05 14:43:41] Installing org.eclipse.mylyn.help.ui [3.20.0.v20160425-1835]
[2016-09-05 14:43:41] Installing org.eclipse.mylyn.ide.ui [3.20.0.v20160421-1902]
[2016-09-05 14:43:41] Installing org.eclipse.mylyn.ide_feature.feature.group [3.20.0.v20160421-1902]
[2016-09-05 14:43:41] Installing org.eclipse.mylyn.ide_feature.feature.jar [3.20.0.v20160421-1902]
[2016-09-05 14:43:41] Installing org.eclipse.mylyn.monitor.core [3.20.0.v20160421-1819]
[2016-09-05 14:43:41] Installing org.eclipse.mylyn.monitor.feature.group [3.20.0.v20160421-1819]
[2016-09-05 14:43:41] Installing org.eclipse.mylyn.monitor.feature.jar [3.20.0.v20160421-1819]
[2016-09-05 14:43:41] Installing org.eclipse.mylyn.monitor.ui [3.20.0.v20160421-1819]
[2016-09-05 14:43:41] Installing org.eclipse.mylyn.resources.ui [3.20.0.v20160421-1902]
[2016-09-05 14:43:41] Installing org.eclipse.mylyn.tasks.bugs [3.20.0.v20160425-1835]
[2016-09-05 14:43:41] Installing org.eclipse.mylyn.tasks.core [3.20.0.v20160608-1838]
[2016-09-05 14:43:41] Installing org.eclipse.mylyn.tasks.ide.feature.group [3.20.0.v20160425-1835]
[2016-09-05 14:43:41] Installing org.eclipse.mylyn.tasks.ide.feature.jar [3.20.0.v20160425-1835]
[2016-09-05 14:43:41] Installing org.eclipse.mylyn.tasks.index.core [3.20.0.v20160425-1835]
[2016-09-05 14:43:41] Installing org.eclipse.mylyn.tasks.index.ui [3.20.0.v20160425-1835]
[2016-09-05 14:43:41] Installing org.eclipse.mylyn.tasks.search [3.20.0.v20160425-1835]
[2016-09-05 14:43:41] Installing org.eclipse.mylyn.tasks.ui [3.20.0.v20160608-1838]
[2016-09-05 14:43:41] Installing org.eclipse.mylyn.team.ui [3.20.0.v20160421-1902]
[2016-09-05 14:43:41] Installing org.eclipse.mylyn.team_feature.feature.group [3.20.0.v20160421-1902]
[2016-09-05 14:43:41] Installing org.eclipse.mylyn.team_feature.feature.jar [3.20.0.v20160421-1902]
[2016-09-05 14:43:41] Installing org.eclipse.mylyn.wikitext.asciidoc.core [2.9.0.v20160524-1633]
[2016-09-05 14:43:41] Installing org.eclipse.mylyn.wikitext.asciidoc.ui [2.9.0.v20160516-1451]
[2016-09-05 14:43:41] Installing org.eclipse.mylyn.wikitext.confluence.core [2.9.0.v20160513-1433]
[2016-09-05 14:43:41] Installing org.eclipse.mylyn.wikitext.confluence.ui [2.9.0.v20160513-1433]
[2016-09-05 14:43:41] Installing org.eclipse.mylyn.wikitext.context.ui [2.9.0.v20160513-1433]
[2016-09-05 14:43:41] Installing org.eclipse.mylyn.wikitext.core [2.9.0.v20160513-1433]
[2016-09-05 14:43:41] Installing org.eclipse.mylyn.wikitext.core.ant [2.9.0.v20160513-1433]
[2016-09-05 14:43:41] Installing org.eclipse.mylyn.wikitext.core.osgi [2.9.0.v20160513-1433]
[2016-09-05 14:43:41] Installing org.eclipse.mylyn.wikitext.help.ui [2.9.0.v20160524-0547]
[2016-09-05 14:43:41] Installing org.eclipse.mylyn.wikitext.html.core [2.9.0.v20160513-1433]
[2016-09-05 14:43:41] Installing org.eclipse.mylyn.wikitext.markdown.core [2.9.0.v20160513-1433]
[2016-09-05 14:43:41] Installing org.eclipse.mylyn.wikitext.markdown.ui [2.9.0.v20160513-1433]
[2016-09-05 14:43:41] Installing org.eclipse.mylyn.wikitext.mediawiki.core [2.9.0.v20160513-1433]
[2016-09-05 14:43:41] Installing org.eclipse.mylyn.wikitext.mediawiki.core.ant [2.9.0.v20160513-1433]
[2016-09-05 14:43:41] Installing org.eclipse.mylyn.wikitext.mediawiki.ui [2.9.0.v20160513-1433]
[2016-09-05 14:43:41] Installing org.eclipse.mylyn.wikitext.tasks.ui [2.9.0.v20160513-1433]
[2016-09-05 14:43:41] Installing org.eclipse.mylyn.wikitext.textile.core [2.9.0.v20160513-1433]
[2016-09-05 14:43:41] Installing org.eclipse.mylyn.wikitext.textile.ui [2.9.0.v20160513-1433]
[2016-09-05 14:43:41] Installing org.eclipse.mylyn.wikitext.tracwiki.core [2.9.0.v20160513-1433]
[2016-09-05 14:43:41] Installing org.eclipse.mylyn.wikitext.tracwiki.ui [2.9.0.v20160513-1433]
[2016-09-05 14:43:41] Installing org.eclipse.mylyn.wikitext.twiki.core [2.9.0.v20160519-0832]
[2016-09-05 14:43:41] Installing org.eclipse.mylyn.wikitext.twiki.ui [2.9.0.v20160513-1433]
[2016-09-05 14:43:41] Installing org.eclipse.mylyn.wikitext.ui [2.9.0.v20160516-1547]
[2016-09-05 14:43:41] Installing org.eclipse.mylyn.wikitext_feature.feature.group [2.9.0.v20160601-1831]
[2016-09-05 14:43:41] Installing org.eclipse.mylyn.wikitext_feature.feature.jar [2.9.0.v20160601-1831]
[2016-09-05 14:43:41] Installing org.eclipse.mylyn_feature.feature.group [3.20.0.v20160608-1838]
[2016-09-05 14:43:41] Installing org.eclipse.mylyn_feature.feature.jar [3.20.0.v20160608-1838]
[2016-09-05 14:43:41] Installing org.eclipse.nebula.widgets.tablecombo [1.0.0.201608240832]
[2016-09-05 14:43:41] Installing org.eclipse.oomph.base [1.5.0.v20160721-0839]
[2016-09-05 14:43:41] Installing org.eclipse.oomph.base.edit [1.5.0.v20160707-0243]
[2016-09-05 14:43:41] Installing org.eclipse.oomph.extractor.lib [1.2.0.v20160519-0740]
[2016-09-05 14:43:41] Installing org.eclipse.oomph.jreinfo [1.5.0.v20160807-1022]
[2016-09-05 14:43:41] Installing org.eclipse.oomph.jreinfo.ui [1.5.0.v20160707-0243]
[2016-09-05 14:43:41] Installing org.eclipse.oomph.p2 [1.5.0.v20160707-0243]
[2016-09-05 14:43:41] Installing org.eclipse.oomph.p2.core [1.5.0.v20160818-1158]
[2016-09-05 14:43:41] Installing org.eclipse.oomph.p2.doc [1.5.0.v20160707-0243]
[2016-09-05 14:43:41] Installing org.eclipse.oomph.p2.edit [1.5.0.v20160707-0243]
[2016-09-05 14:43:41] Installing org.eclipse.oomph.p2.feature.group [1.5.0.v20160818-1158]
[2016-09-05 14:43:41] Installing org.eclipse.oomph.p2.feature.jar [1.5.0.v20160818-1158]
[2016-09-05 14:43:41] Installing org.eclipse.oomph.p2.ui [1.5.0.v20160807-1022]
[2016-09-05 14:43:41] Installing org.eclipse.oomph.predicates [1.5.0.v20160707-0243]
[2016-09-05 14:43:41] Installing org.eclipse.oomph.predicates.edit [1.5.0.v20160707-0243]
[2016-09-05 14:43:41] Installing org.eclipse.oomph.preferences [1.5.0.v20160807-0831]
[2016-09-05 14:43:41] Installing org.eclipse.oomph.resources [1.5.0.v20160707-0243]
[2016-09-05 14:43:41] Installing org.eclipse.oomph.resources.edit [1.5.0.v20160707-0243]
[2016-09-05 14:43:41] Installing org.eclipse.oomph.setup [1.5.0.v20160818-1158]
[2016-09-05 14:43:41] Installing org.eclipse.oomph.setup.core [1.5.0.v20160818-1158]
[2016-09-05 14:43:41] Installing org.eclipse.oomph.setup.core.feature.group [1.5.0.v20160818-1158]
[2016-09-05 14:43:41] Installing org.eclipse.oomph.setup.core.feature.jar [1.5.0.v20160818-1158]
[2016-09-05 14:43:41] Installing org.eclipse.oomph.setup.doc [1.5.0.v20160707-0243]
[2016-09-05 14:43:41] Installing org.eclipse.oomph.setup.edit [1.5.0.v20160707-0243]
[2016-09-05 14:43:41] Installing org.eclipse.oomph.setup.editor [1.5.0.v20160707-0243]
[2016-09-05 14:43:41] Installing org.eclipse.oomph.setup.feature.group [1.5.0.v20160818-1158]
[2016-09-05 14:43:41] Installing org.eclipse.oomph.setup.feature.jar [1.5.0.v20160818-1158]
[2016-09-05 14:43:41] Installing org.eclipse.oomph.setup.p2 [1.5.0.v20160707-0243]
[2016-09-05 14:43:41] Installing org.eclipse.oomph.setup.p2.edit [1.5.0.v20160706-1149]
[2016-09-05 14:43:41] Installing org.eclipse.oomph.setup.sync [1.5.0.v20160707-0243]
[2016-09-05 14:43:41] Installing org.eclipse.oomph.setup.ui [1.5.0.v20160818-1158]
[2016-09-05 14:43:41] Installing org.eclipse.oomph.setup.ui.questionnaire [1.5.0.v20160818-1158]
[2016-09-05 14:43:41] Installing org.eclipse.oomph.ui [1.5.0.v20160802-0956]
[2016-09-05 14:43:41] Installing org.eclipse.oomph.util [1.5.0.v20160818-1158]
[2016-09-05 14:43:41] Installing org.eclipse.oomph.workingsets [1.5.0.v20160707-0243]
[2016-09-05 14:43:41] Installing org.eclipse.oomph.workingsets.edit [1.5.0.v20160707-0243]
[2016-09-05 14:43:41] Installing org.eclipse.oomph.workingsets.editor [1.5.0.v20160706-1149]
[2016-09-05 14:43:41] Installing org.eclipse.osgi [3.11.0.v20160603-1336]
[2016-09-05 14:43:41] Installing org.eclipse.osgi.compatibility.state [1.0.200.v20160504-1419]
[2016-09-05 14:43:41] Installing org.eclipse.osgi.services [3.5.100.v20160504-1419]
[2016-09-05 14:43:41] Installing org.eclipse.osgi.util [3.3.100.v20150423-1351]
[2016-09-05 14:43:41] Installing org.eclipse.platform [4.6.0.v20160606-1100]
[2016-09-05 14:43:41] Installing org.eclipse.platform.doc.user [4.6.0.v20160606-1250]
[2016-09-05 14:43:41] Installing org.eclipse.platform.feature.group [4.6.0.v20160606-1342]
[2016-09-05 14:43:41] Installing org.eclipse.platform.feature.jar [4.6.0.v20160606-1342]
[2016-09-05 14:43:41] Installing org.eclipse.platform.ide [4.6.0.I20160606-1100]
[2016-09-05 14:43:41] Installing org.eclipse.platform.ide.executable.gtk.linux.x86_64 [4.6.0.I20160606-1100]
[2016-09-05 14:43:41] Installing org.eclipse.platform.ide.executable.gtk.linux.x86_64.eclipse [4.6.0.I20160606-1100]
[2016-09-05 14:43:41] Installing org.eclipse.platform_root [4.6.0.v20160606-1342]
[2016-09-05 14:43:41] Installing org.eclipse.rcp [4.6.0.v20160606-1100]
[2016-09-05 14:43:41] Installing org.eclipse.rcp.feature.group [4.6.0.v20160606-1342]
[2016-09-05 14:43:41] Installing org.eclipse.rcp.feature.jar [4.6.0.v20160606-1342]
[2016-09-05 14:43:41] Installing org.eclipse.rcp_root [4.6.0.v20160606-1342]
[2016-09-05 14:43:41] Installing org.eclipse.remote.console [1.1.0.201605242106]
[2016-09-05 14:43:41] Installing org.eclipse.remote.core [2.1.0.201605242106]
[2016-09-05 14:43:41] Installing org.eclipse.remote.doc.isv [1.0.0.201605242106]
[2016-09-05 14:43:41] Installing org.eclipse.remote.feature.group [2.1.0.201605242106]
[2016-09-05 14:43:41] Installing org.eclipse.remote.feature.jar [2.1.0.201605242106]
[2016-09-05 14:43:41] Installing org.eclipse.remote.jsch.core [1.0.0.201605242106]
[2016-09-05 14:43:41] Installing org.eclipse.remote.jsch.ui [1.0.0.201605242106]
[2016-09-05 14:43:41] Installing org.eclipse.remote.serial.core [1.0.0.201605242106]
[2016-09-05 14:43:41] Installing org.eclipse.remote.serial.ui [1.0.0.201605242106]
[2016-09-05 14:43:41] Installing org.eclipse.remote.telnet.core [1.0.0.201605242106]
[2016-09-05 14:43:41] Installing org.eclipse.remote.telnet.ui [1.0.0.201605242106]
[2016-09-05 14:43:41] Installing org.eclipse.remote.ui [2.0.0.201605242106]
[2016-09-05 14:43:41] Installing org.eclipse.rse [3.5.0.201403100950]
[2016-09-05 14:43:41] Installing org.eclipse.rse.connectorservice.dstore [3.1.301.201403100950]
[2016-09-05 14:43:41] Installing org.eclipse.rse.connectorservice.local [2.1.400.201403100950]
[2016-09-05 14:43:41] Installing org.eclipse.rse.connectorservice.ssh [2.1.300.201505220524]
[2016-09-05 14:43:41] Installing org.eclipse.rse.connectorservice.telnet [1.2.300.201505220524]
[2016-09-05 14:43:41] Installing org.eclipse.rse.core [3.3.100.201603151753]
[2016-09-05 14:43:41] Installing org.eclipse.rse.core.feature.group [3.7.1.201603211627]
[2016-09-05 14:43:41] Installing org.eclipse.rse.core.feature.jar [3.7.1.201603211627]
[2016-09-05 14:43:41] Installing org.eclipse.rse.doc.user [3.4.100.201403101646]
[2016-09-05 14:43:41] Installing org.eclipse.rse.dstore.feature.group [3.7.0.201603211627]
[2016-09-05 14:43:41] Installing org.eclipse.rse.dstore.feature.jar [3.7.0.201603211627]
[2016-09-05 14:43:41] Installing org.eclipse.rse.dstore.security [3.0.400.201403100950]
[2016-09-05 14:43:41] Installing org.eclipse.rse.efs [2.1.401.201507172212]
[2016-09-05 14:43:41] Installing org.eclipse.rse.efs.ui [2.1.400.201403100950]
[2016-09-05 14:43:41] Installing org.eclipse.rse.feature.group [3.7.1.201603211627]
[2016-09-05 14:43:41] Installing org.eclipse.rse.feature.jar [3.7.1.201603211627]
[2016-09-05 14:43:41] Installing org.eclipse.rse.files.ui [3.2.200.201507172213]
[2016-09-05 14:43:41] Installing org.eclipse.rse.ftp.feature.group [3.7.1.201603211627]
[2016-09-05 14:43:41] Installing org.eclipse.rse.ftp.feature.jar [3.7.1.201603211627]
[2016-09-05 14:43:41] Installing org.eclipse.rse.importexport [1.2.300.201403100950]
[2016-09-05 14:43:41] Installing org.eclipse.rse.local.feature.group [3.7.0.201603211627]
[2016-09-05 14:43:41] Installing org.eclipse.rse.local.feature.jar [3.7.0.201603211627]
[2016-09-05 14:43:41] Installing org.eclipse.rse.processes.ui [3.0.400.201403100950]
[2016-09-05 14:43:41] Installing org.eclipse.rse.services [3.3.0.201506120731]
[2016-09-05 14:43:41] Installing org.eclipse.rse.services.dstore [3.3.0.201406041609]
[2016-09-05 14:43:41] Installing org.eclipse.rse.services.files.ftp [3.0.500.201403100950]
[2016-09-05 14:43:41] Installing org.eclipse.rse.services.local [2.2.1.201507180454]
[2016-09-05 14:43:41] Installing org.eclipse.rse.services.ssh [3.2.100.201403281521]
[2016-09-05 14:43:41] Installing org.eclipse.rse.services.telnet [2.0.400.201403100950]
[2016-09-05 14:43:41] Installing org.eclipse.rse.shells.ui [3.0.500.201403271554]
[2016-09-05 14:43:41] Installing org.eclipse.rse.ssh.feature.group [3.7.0.201603211627]
[2016-09-05 14:43:41] Installing org.eclipse.rse.ssh.feature.jar [3.7.0.201603211627]
[2016-09-05 14:43:41] Installing org.eclipse.rse.subsystems.files.core [3.3.1.201403100950]
[2016-09-05 14:43:41] Installing org.eclipse.rse.subsystems.files.dstore [2.1.300.201403100950]
[2016-09-05 14:43:41] Installing org.eclipse.rse.subsystems.files.ftp [2.2.100.201601281414]
[2016-09-05 14:43:41] Installing org.eclipse.rse.subsystems.files.local [2.1.300.201403251512]
[2016-09-05 14:43:41] Installing org.eclipse.rse.subsystems.files.ssh [2.1.300.201403100950]
[2016-09-05 14:43:41] Installing org.eclipse.rse.subsystems.processes.core [3.1.300.201403100950]
[2016-09-05 14:43:41] Installing org.eclipse.rse.subsystems.processes.dstore [2.1.400.201403100950]
[2016-09-05 14:43:41] Installing org.eclipse.rse.subsystems.processes.local [2.1.400.201403100950]
[2016-09-05 14:43:41] Installing org.eclipse.rse.subsystems.processes.shell.linux [1.1.400.201403100950]
[2016-09-05 14:43:41] Installing org.eclipse.rse.subsystems.shells.core [3.1.300.201403271554]
[2016-09-05 14:43:41] Installing org.eclipse.rse.subsystems.shells.dstore [2.1.400.201403100950]
[2016-09-05 14:43:41] Installing org.eclipse.rse.subsystems.shells.local [2.1.400.201403100950]
[2016-09-05 14:43:41] Installing org.eclipse.rse.subsystems.shells.ssh [2.1.400.201403100950]
[2016-09-05 14:43:41] Installing org.eclipse.rse.subsystems.shells.telnet [1.2.300.201403100950]
[2016-09-05 14:43:41] Installing org.eclipse.rse.telnet.feature.group [3.7.0.201603211627]
[2016-09-05 14:43:41] Installing org.eclipse.rse.telnet.feature.jar [3.7.0.201603211627]
[2016-09-05 14:43:41] Installing org.eclipse.rse.ui [3.3.200.201601281257]
[2016-09-05 14:43:41] Installing org.eclipse.search [3.11.0.v20160519-1501]
[2016-09-05 14:43:41] Installing org.eclipse.swt [3.105.0.v20160603-0902]
[2016-09-05 14:43:41] Installing org.eclipse.swt.gtk.linux.x86_64 [3.105.0.v20160603-0902]
[2016-09-05 14:43:41] Installing org.eclipse.team.core [3.8.0.v20160418-1534]
[2016-09-05 14:43:41] Installing org.eclipse.team.ui [3.8.0.v20160518-1906]
[2016-09-05 14:43:41] Installing org.eclipse.text [3.6.0.v20160503-1849]
[2016-09-05 14:43:41] Installing org.eclipse.tm.terminal.control [4.1.0.201512010231]
[2016-09-05 14:43:41] Installing org.eclipse.tracecompass.analysis.graph.core [1.0.0.201606081441]
[2016-09-05 14:43:41] Installing org.eclipse.tracecompass.analysis.graph.ui [1.0.0.201606081441]
[2016-09-05 14:43:41] Installing org.eclipse.tracecompass.analysis.lami.core [1.0.0.201606081441]
[2016-09-05 14:43:41] Installing org.eclipse.tracecompass.analysis.lami.ui [1.0.0.201606081441]
[2016-09-05 14:43:41] Installing org.eclipse.tracecompass.analysis.os.linux.core [2.0.0.201606081441]
[2016-09-05 14:43:41] Installing org.eclipse.tracecompass.analysis.os.linux.ui [2.0.0.201606081441]
[2016-09-05 14:43:41] Installing org.eclipse.tracecompass.analysis.timing.core [1.0.0.201606081441]
[2016-09-05 14:43:41] Installing org.eclipse.tracecompass.analysis.timing.ui [1.0.0.201606081441]
[2016-09-05 14:43:41] Installing org.eclipse.tracecompass.common.core [2.0.0.201606081441]
[2016-09-05 14:43:41] Installing org.eclipse.tracecompass.ctf.core [2.0.0.201606081441]
[2016-09-05 14:43:41] Installing org.eclipse.tracecompass.ctf.feature.group [2.0.0.201606081441]
[2016-09-05 14:43:41] Installing org.eclipse.tracecompass.ctf.feature.jar [2.0.0.201606081441]
[2016-09-05 14:43:41] Installing org.eclipse.tracecompass.ctf.parser [1.0.0.201606081441]
[2016-09-05 14:43:41] Installing org.eclipse.tracecompass.doc.dev [2.0.0.201606081441]
[2016-09-05 14:43:41] Installing org.eclipse.tracecompass.doc.user [2.0.0.201606081441]
[2016-09-05 14:43:41] Installing org.eclipse.tracecompass.gdbtrace.core [1.0.0.201606081441]
[2016-09-05 14:43:41] Installing org.eclipse.tracecompass.gdbtrace.doc.user [1.0.0.201606081441]
[2016-09-05 14:43:41] Installing org.eclipse.tracecompass.gdbtrace.feature.group [2.0.0.201606081441]
[2016-09-05 14:43:41] Installing org.eclipse.tracecompass.gdbtrace.feature.jar [2.0.0.201606081441]
[2016-09-05 14:43:41] Installing org.eclipse.tracecompass.gdbtrace.ui [1.0.0.201606081441]
[2016-09-05 14:43:41] Installing org.eclipse.tracecompass.lttng2.common.core [1.0.0.201606081441]
[2016-09-05 14:43:41] Installing org.eclipse.tracecompass.lttng2.control.core [1.1.0.201606081441]
[2016-09-05 14:43:41] Installing org.eclipse.tracecompass.lttng2.control.feature.group [2.0.0.201606081441]
[2016-09-05 14:43:41] Installing org.eclipse.tracecompass.lttng2.control.feature.jar [2.0.0.201606081441]
[2016-09-05 14:43:41] Installing org.eclipse.tracecompass.lttng2.control.ui [1.1.1.201606081441]
[2016-09-05 14:43:41] Installing org.eclipse.tracecompass.lttng2.kernel.core [2.0.0.201606081441]
[2016-09-05 14:43:41] Installing org.eclipse.tracecompass.lttng2.kernel.feature.group [2.0.0.201606081441]
[2016-09-05 14:43:41] Installing org.eclipse.tracecompass.lttng2.kernel.feature.jar [2.0.0.201606081441]
[2016-09-05 14:43:41] Installing org.eclipse.tracecompass.lttng2.kernel.ui [1.0.0.201606081441]
[2016-09-05 14:43:41] Installing org.eclipse.tracecompass.lttng2.ust.core [2.0.0.201606081441]
[2016-09-05 14:43:41] Installing org.eclipse.tracecompass.lttng2.ust.feature.group [2.0.0.201606081441]
[2016-09-05 14:43:41] Installing org.eclipse.tracecompass.lttng2.ust.feature.jar [2.0.0.201606081441]
[2016-09-05 14:43:41] Installing org.eclipse.tracecompass.lttng2.ust.ui [2.0.0.201606081441]
[2016-09-05 14:43:41] Installing org.eclipse.tracecompass.segmentstore.core [1.0.0.201606081441]
[2016-09-05 14:43:41] Installing org.eclipse.tracecompass.statesystem.core [2.0.0.201606081441]
[2016-09-05 14:43:41] Installing org.eclipse.tracecompass.tmf.analysis.xml.core [2.0.0.201606081441]
[2016-09-05 14:43:41] Installing org.eclipse.tracecompass.tmf.analysis.xml.ui [2.0.0.201606081441]
[2016-09-05 14:43:41] Installing org.eclipse.tracecompass.tmf.core [2.0.0.201606081441]
[2016-09-05 14:43:41] Installing org.eclipse.tracecompass.tmf.ctf.core [2.0.0.201606081441]
[2016-09-05 14:43:41] Installing org.eclipse.tracecompass.tmf.ctf.feature.group [2.0.0.201606081441]
[2016-09-05 14:43:41] Installing org.eclipse.tracecompass.tmf.ctf.feature.jar [2.0.0.201606081441]
[2016-09-05 14:43:41] Installing org.eclipse.tracecompass.tmf.feature.group [2.0.0.201606081441]
[2016-09-05 14:43:41] Installing org.eclipse.tracecompass.tmf.feature.jar [2.0.0.201606081441]
[2016-09-05 14:43:41] Installing org.eclipse.tracecompass.tmf.remote.core [2.0.0.201606081441]
[2016-09-05 14:43:41] Installing org.eclipse.tracecompass.tmf.remote.ui [1.0.0.201606081441]
[2016-09-05 14:43:41] Installing org.eclipse.tracecompass.tmf.ui [2.0.0.201606081441]
[2016-09-05 14:43:41] Installing org.eclipse.ui [3.108.0.v20160518-1929]
[2016-09-05 14:43:41] Installing org.eclipse.ui.browser [3.5.0.v20160518-1929]
[2016-09-05 14:43:41] Installing org.eclipse.ui.cheatsheets [3.5.0.v20160504-0839]
[2016-09-05 14:43:41] Installing org.eclipse.ui.console [3.6.200.v20160518-1858]
[2016-09-05 14:43:41] Installing org.eclipse.ui.editors [3.10.0.v20160505-0931]
[2016-09-05 14:43:41] Installing org.eclipse.ui.externaltools [3.3.100.v20160518-1858]
[2016-09-05 14:43:41] Installing org.eclipse.ui.forms [3.7.0.v20160518-1929]
[2016-09-05 14:43:41] Installing org.eclipse.ui.ide [3.12.0.v20160601-1609]
[2016-09-05 14:43:41] Installing org.eclipse.ui.ide.application [1.1.100.v20160518-1929]
[2016-09-05 14:43:41] Installing org.eclipse.ui.intro [3.5.0.v20160509-1548]
[2016-09-05 14:43:41] Installing org.eclipse.ui.intro.quicklinks [1.0.0.v20160515-0255]
[2016-09-05 14:43:41] Installing org.eclipse.ui.intro.universal [3.3.0.v20160519-1604]
[2016-09-05 14:43:41] Installing org.eclipse.ui.monitoring [1.1.0.v20160131-1628]
[2016-09-05 14:43:41] Installing org.eclipse.ui.navigator [3.6.100.v20160518-1929]
[2016-09-05 14:43:41] Installing org.eclipse.ui.navigator.resources [3.5.100.v20160518-1929]
[2016-09-05 14:43:41] Installing org.eclipse.ui.net [1.3.0.v20160426-1633]
[2016-09-05 14:43:41] Installing org.eclipse.ui.themes [1.1.100.v20160411-1921]
[2016-09-05 14:43:41] Installing org.eclipse.ui.views [3.8.100.v20160518-1929]
[2016-09-05 14:43:41] Installing org.eclipse.ui.views.log [1.2.0.v20160418-1724]
[2016-09-05 14:43:41] Installing org.eclipse.ui.views.properties.tabbed [3.7.0.v20160310-0903]
[2016-09-05 14:43:41] Installing org.eclipse.ui.workbench [3.108.0.v20160602-1232]
[2016-09-05 14:43:41] Installing org.eclipse.ui.workbench.texteditor [3.10.0.v20160530-2011]
[2016-09-05 14:43:41] Installing org.eclipse.update.configurator [3.3.400.v20160506-0750]
[2016-09-05 14:43:41] Installing org.eclipse.userstorage [1.0.0.v20160524-0709]
[2016-09-05 14:43:41] Installing org.eclipse.userstorage.ui [1.0.0.v20151216-0912]
[2016-09-05 14:43:41] Installing org.eclipse.zest.core [1.5.300.201606061308]
[2016-09-05 14:43:41] Installing org.eclipse.zest.layouts [1.1.300.201606061308]
[2016-09-05 14:43:41] Installing org.json [1.0.0.v201011060100]
[2016-09-05 14:43:41] Installing org.jsoup [1.7.2.v201411291515]
[2016-09-05 14:43:41] Installing org.sat4j.core [2.3.5.v201308161310]
[2016-09-05 14:43:41] Installing org.sat4j.pb [2.3.5.v201404071733]
[2016-09-05 14:43:41] Installing org.slf4j.api [1.7.2.v20121108-1250]
[2016-09-05 14:43:41] Installing org.slf4j.impl.log4j12 [1.7.2.v20131105-2200]
[2016-09-05 14:43:41] Installing org.swtchart [0.7.0.v201201201914]
[2016-09-05 14:43:41] Installing org.tukaani.xz [1.3.0.v201308270617]
[2016-09-05 14:43:41] Installing org.w3c.css.sac [1.3.1.v200903091627]
[2016-09-05 14:43:41] Installing org.w3c.dom.events [3.0.0.draft20060413_v201105210656]
[2016-09-05 14:43:41] Installing org.w3c.dom.smil [1.0.1.v200903091627]
[2016-09-05 14:43:41] Installing org.w3c.dom.svg [1.1.0.v201011041433]
[2016-09-05 14:43:41] Installing tooling.org.eclipse.update.feature.default [1.0.0]
[2016-09-05 14:43:41] Installing tooling.osgi.bundle.default [1.0.0]
[2016-09-05 14:43:41] Installing tooling.source.default [1.0.0]
[2016-09-05 14:43:41] Installing toolingepp.package.cpp.application [4.6.0.20160613-1800]
[2016-09-05 14:43:41] Installing toolingepp.package.cpp.config.gtk.linux.x86_64 [4.6.0.20160613-1800]
[2016-09-05 14:43:41] Installing toolingepp.package.cpp.configuration [4.6.0.20160613-1800]
[2016-09-05 14:43:41] Installing toolingepp.package.cpp.executable.gtk.linux.x86_64 [4.6.0.20160613-1800]
[2016-09-05 14:43:41] Installing toolingepp.package.cpp.ini.gtk.linux.x86_64 [4.6.0.20160613-1800]
[2016-09-05 14:43:41] Installing toolinggtk.linux.x86_64org.eclipse.core.runtime [4.6.0.I20160606-1100]
[2016-09-05 14:43:41] Installing toolinggtk.linux.x86_64org.eclipse.equinox.common [4.6.0.I20160606-1100]
[2016-09-05 14:43:41] Installing toolinggtk.linux.x86_64org.eclipse.equinox.ds [4.6.0.I20160606-1100]
[2016-09-05 14:43:41] Installing toolinggtk.linux.x86_64org.eclipse.equinox.event [4.6.0.I20160606-1100]
[2016-09-05 14:43:41] Installing toolinggtk.linux.x86_64org.eclipse.equinox.p2.reconciler.dropins [4.6.0.I20160606-1100]
[2016-09-05 14:43:41] Installing toolinggtk.linux.x86_64org.eclipse.equinox.simpleconfigurator [4.6.0.I20160606-1100]
[2016-09-05 14:43:41] Installing toolinggtk.linux.x86_64org.eclipse.update.configurator [4.6.0.I20160606-1100]
[2016-09-05 14:43:41] Installing toolingorg.eclipse.equinox.launcher [1.3.200.v20160318-1642]
[2016-09-05 14:43:41] Installing toolingorg.eclipse.equinox.launcher.gtk.linux.x86_64 [1.1.400.v20160518-1444]
[2016-09-05 14:43:41] Installing toolingorg.eclipse.platform.configuration [1.0.0]
[2016-09-05 14:43:41] Installing toolingorg.eclipse.platform.ide.application [4.6.0.I20160606-1100]
[2016-09-05 14:43:41] Installing toolingorg.eclipse.platform.ide.config.gtk.linux.x86_64 [4.6.0.I20160606-1100]
[2016-09-05 14:43:41] Installing toolingorg.eclipse.platform.ide.configuration [4.6.0.I20160606-1100]
[2016-09-05 14:43:41] Installing toolingorg.eclipse.platform.ide.executable.gtk.linux.x86_64 [4.6.0.I20160606-1100]
[2016-09-05 14:43:41] Installing toolingorg.eclipse.platform.ide.ini.gtk.linux.x86_64 [4.6.0.I20160606-1100]
[2016-09-05 14:43:41] Preparing to commit the provisioning operation.
[2016-09-05 14:43:42] Committing the provisioning operation.
[2016-09-05 14:43:42] Performing Eclipse Ini --launcher.appendVmargs
[2016-09-05 14:43:42] Performing Eclipse Ini -vm /usr/lib/jvm/java-8-jdk/jre/bin
[2016-09-05 14:43:42] Changing /home/jester/Programs/cpp-neon/eclipse/eclipse.ini (-vm /usr/lib/jvm/java-8-jdk/jre/bin)
[2016-09-05 14:43:42] Performing Eclipse Ini -Declipse.p2.max.threads=10
[2016-09-05 14:43:42] Changing /home/jester/Programs/cpp-neon/eclipse/eclipse.ini (-Declipse.p2.max.threads=10)
[2016-09-05 14:43:42] Performing Eclipse Ini -Doomph.update.url=http://download.eclipse.org/oomph/updates/milestone/latest
[2016-09-05 14:43:42] Changing /home/jester/Programs/cpp-neon/eclipse/eclipse.ini (-Doomph.update.url=http://download.eclipse.org/oomph/updates/milestone/latest)
[2016-09-05 14:43:42] Performing Eclipse Ini -Doomph.redirection.index.redirection=index:/->http://git.eclipse.org/c/oomph/org.eclipse.oomph.git/plain/setups/
[2016-09-05 14:43:42] Changing /home/jester/Programs/cpp-neon/eclipse/eclipse.ini (-Doomph.redirection.index.redirection=index:/->http://git.eclipse.org/c/oomph/org.eclipse.oomph.git/plain/setups/)
[2016-09-05 14:43:42] Performing post bootstrap tasks
[2016-09-05 14:43:42] 
